<?xml version="1.0" encoding="UTF-8"?>
<testsuite xmlns:xsi="http://www.w3.org/2001/XMLSchema-instance" xsi:noNamespaceSchemaLocation="https://maven.apache.org/surefire/maven-surefire-plugin/xsd/surefire-test-report-3.0.xsd" version="3.0" name="com.indium.match_app.controller.MatchControllerTest" time="1.941" tests="5" errors="0" skipped="0" failures="0">
  <properties>
[...]
</properties>
  <testcase name="testGetScoresByDate" classname="com.indium.match_app.controller.MatchControllerTest" time="1.858">
    <system-out><![CDATA[2024-09-17T02:05:37.704+05:30  INFO 19900 --- [match-app] [           main] c.i.m.controller.MatchController         : Scores for match date 2024-09-17: SerializedData
]]></system-out>
  </testcase>
  <testcase name="testGetMatchNumbersAndPlayerNames" classname="com.indium.match_app.controller.MatchControllerTest" time="0.017">
    <system-out><![CDATA[2024-09-17T02:05:37.765+05:30  INFO 19900 --- [match-app] [           main] c.i.m.controller.MatchController         : Matches for player Virat Kohli: SerializedData
]]></system-out>
  </testcase>
  <testcase name="testGetCumulativeScoreByPlayer" classname="com.indium.match_app.controller.MatchControllerTest" time="0.019">
    <system-out><![CDATA[2024-09-17T02:05:37.788+05:30  INFO 19900 --- [match-app] [           main] c.i.m.controller.MatchController         : Cumulative score for player Virat Kohli: SerializedData
]]></system-out>
  </testcase>
  <testcase name="testGetTopBatsmen" classname="com.indium.match_app.controller.MatchControllerTest" time="0.017">
    <system-out><![CDATA[2024-09-17T02:05:37.807+05:30  INFO 19900 --- [match-app] [           main] c.i.m.controller.MatchController         : Top batsmen for page 0 and size 10: SerializedData
]]></system-out>
  </testcase>
  <testcase name="testKafkaMessageSendingError" classname="com.indium.match_app.controller.MatchControllerTest" time="0.013">
    <system-out><![CDATA[2024-09-17T02:05:37.821+05:30 ERROR 19900 --- [match-app] [           main] c.i.m.controller.MatchController         : Error serializing data for Matches for player Virat Kohli: Serialization error
]]></system-out>
  </testcase>
</testsuite>